<?xml version="1.0" encoding="UTF-8"?>
<!-- Generated by org.testng.reporters.JUnitReportReporter -->
<testsuite hostname="HOME-ПК" failures="0" tests="1" name="hardcore.test.CalculatorTest" time="157.830" errors="0" timestamp="2021-06-28T21:02:49 EET" skipped="0">
  <testcase classname="hardcore.test.CalculatorTest" name="totalCostInMailEqualsCalculatorValue" time="157.830"/>
  <system-out/>
</testsuite> <!-- hardcore.test.CalculatorTest -->
